<?xml version="1.0" encoding="UTF-8"?>
<!-- Generated by org.testng.reporters.JUnitReportReporter -->
<testsuite hostname="DESKTOP-7VCVJ9K" failures="0" tests="6" name="api.test.DDTests" time="16.305" errors="0" timestamp="2023-06-14T22:29:29 IST" skipped="0">
  <testcase classname="api.test.DDTests" name="testPostUser" time="3.575"/>
  <system-out/>
  <testcase classname="api.test.DDTests" name="testPostUser" time="1.871"/>
  <system-out/>
  <testcase classname="api.test.DDTests" name="testPostUser" time="5.415"/>
  <system-out/>
  <testcase classname="api.test.DDTests" name="testDeleteUserName" time="1.921"/>
  <system-out/>
  <testcase classname="api.test.DDTests" name="testDeleteUserName" time="1.978"/>
  <system-out/>
  <testcase classname="api.test.DDTests" name="testDeleteUserName" time="1.545"/>
  <system-out/>
</testsuite> <!-- api.test.DDTests -->
