<?xml version="1.0" encoding="UTF-8"?>
<!-- Generated by org.testng.reporters.JUnitReportReporter -->
<testsuite hostname="DESKTOP-7VCVJ9K" failures="0" tests="4" name="api.test.UserTests" time="10.848" errors="0" timestamp="2023-06-19T22:13:54 IST" skipped="0">
  <testcase classname="api.test.UserTests" name="testPostUser" time="5.150"/>
  <system-out/>
  <testcase classname="api.test.UserTests" name="testGetUserbyName" time="1.636"/>
  <system-out/>
  <testcase classname="api.test.UserTests" name="testUpdateUserbyName" time="2.725"/>
  <system-out/>
  <testcase classname="api.test.UserTests" name="testDeleteUserbyName" time="1.337"/>
  <system-out/>
</testsuite> <!-- api.test.UserTests -->
