<?xml version="1.0" encoding="UTF-8"?>
<!-- Generated by org.testng.reporters.JUnitReportReporter -->
<testsuite hostname="DESKTOP-7VCVJ9K" failures="0" tests="4" name="api.test.UserTests" time="14.335" errors="0" timestamp="2023-06-20T21:19:06 IST" skipped="0">
  <testcase classname="api.test.UserTests" name="testPostUser" time="9.089"/>
  <system-out/>
  <testcase classname="api.test.UserTests" name="testGetUserbyName" time="1.580"/>
  <system-out/>
  <testcase classname="api.test.UserTests" name="testUpdateUserbyName" time="2.509"/>
  <system-out/>
  <testcase classname="api.test.UserTests" name="testDeleteUserbyName" time="1.157"/>
  <system-out/>
</testsuite> <!-- api.test.UserTests -->
